2025-06-24 03:04:01 - Starting Excel auto-refresh process...
2025-06-24 03:04:01 - Target file: C:\Dashboard\DbaseSalesmanWebApp.xlsm
2025-06-24 03:04:01 - Refresh wait time: 45 seconds
2025-06-24 03:04:01 - Excel file found and accessible
2025-06-24 03:04:01 - Checking for existing Excel processes...
2025-06-24 03:04:01 - Starting Excel application...
2025-06-24 03:04:01 - Opening workbook...
2025-06-24 03:04:01 - Found 1 data connection(s)
2025-06-24 03:04:01 - Starting refresh of all data connections...
2025-06-24 03:04:01 - Waiting for refresh to complete (45 seconds)...
2025-06-24 03:04:01 - Still refreshing... (15/45 seconds)
2025-06-24 03:04:01 - Still refreshing... (30/45 seconds)
2025-06-24 03:04:01 - Still refreshing... (45/45 seconds)
2025-06-24 03:04:01 - All data connections refreshed successfully
2025-06-24 03:04:01 - Saving workbook...
2025-06-24 05:00:00 - Starting Excel auto-refresh process...
2025-06-24 05:00:00 - Target file: C:\Dashboard\DbaseSalesmanWebApp.xlsm
2025-06-24 05:00:00 - Refresh wait time: 45 seconds
2025-06-24 05:00:00 - Excel file found and accessible
2025-06-24 05:00:00 - Checking for existing Excel processes...
2025-06-24 05:00:00 - Found 1 Excel process(es), terminating...
2025-06-24 03:04:01 - ERROR: Excel refresh failed: The remote procedure call failed. (Exception from HRESULT: 0x800706BE)
2025-06-24 03:04:01 - ERROR: Error during cleanup: The RPC server is unavailable. (Exception from HRESULT: 0x800706BA)
2025-06-24 03:04:01 - Killed stuck Excel processes
2025-06-24 05:00:00 - Excel processes terminated
2025-06-24 05:00:00 - Starting Excel application...
2025-06-24 05:00:00 - Opening workbook...
2025-06-24 05:00:00 - Found 1 data connection(s)
2025-06-24 05:00:00 - Starting refresh of all data connections...
2025-06-24 05:00:00 - Waiting for refresh to complete (45 seconds)...
2025-06-24 05:00:00 - Still refreshing... (15/45 seconds)
2025-06-24 05:00:00 - Still refreshing... (30/45 seconds)
2025-06-24 05:00:00 - Still refreshing... (45/45 seconds)
2025-06-24 05:00:00 - All data connections refreshed successfully
2025-06-24 05:00:00 - Saving workbook...
2025-06-24 08:22:21 - ==========================================
2025-06-24 08:22:21 - Starting Excel auto-refresh process (Robust Version)
2025-06-24 08:22:21 - Target file: C:\Dashboard\DbaseSalesmanWebApp.xlsm
2025-06-24 08:22:21 - Refresh wait time: 30 seconds
2025-06-24 08:22:21 - Max retries: 3
2025-06-24 08:22:21 - Excel file found and accessible
2025-06-24 08:22:21 - Refresh attempt #1 of 3
2025-06-24 08:22:21 - Killing all Excel processes...
2025-06-24 08:22:21 - Excel processes terminated
2025-06-24 08:22:21 - ERROR: File access test failed: Exception calling "Open" with "4" argument(s): "The process cannot access the file 'C:\Dashboard\DbaseSalesmanWebApp.xlsm' because it is being used by another process."
2025-06-24 08:22:21 - ERROR: Attempt #1 failed: Cannot access Excel file for read/write operations
2025-06-24 08:22:21 - Killing all Excel processes...
2025-06-24 08:22:21 - Excel processes terminated
2025-06-24 08:22:21 - Attempt #1 failed, waiting 10 seconds before retry...
2025-06-24 08:22:21 - Refresh attempt #2 of 3
2025-06-24 08:22:21 - Killing all Excel processes...
2025-06-24 09:45:12 - ==========================================
2025-06-24 09:45:12 - Starting Excel auto-refresh process (Robust Version)
2025-06-24 09:45:12 - Target file: C:\Dashboard\DbaseSalesmanWebApp.xlsm
2025-06-24 09:45:12 - Refresh wait time: 30 seconds
2025-06-24 09:45:12 - Max retries: 3
2025-06-24 09:45:12 - Excel file found and accessible
2025-06-24 09:45:12 - Refresh attempt #1 of 3
2025-06-24 09:45:12 - Killing all Excel processes...
2025-06-24 09:45:12 - Excel processes terminated
2025-06-24 09:45:12 - Starting Excel application (attempt #1)...
2025-06-24 09:45:12 - Opening workbook...
2025-06-24 09:45:12 - Found 1 data connection(s)
2025-06-24 09:45:12 - Starting refresh of all data connections...
2025-06-24 09:45:30 - ==========================================
2025-06-24 09:45:30 - Starting Excel auto-refresh process (Robust Version)
2025-06-24 09:45:30 - Target file: C:\Dashboard\DbaseSalesmanWebApp.xlsm
2025-06-24 09:45:30 - Refresh wait time: 30 seconds
2025-06-24 09:45:30 - Max retries: 3
2025-06-24 09:45:30 - Excel file found and accessible
2025-06-24 09:45:30 - Refresh attempt #1 of 3
2025-06-24 09:45:30 - Killing all Excel processes...
2025-06-24 09:45:30 - Excel processes terminated
2025-06-24 09:45:30 - ERROR: File access test failed: Exception calling "Open" with "4" argument(s): "The process cannot access the file 'C:\Dashboard\DbaseSalesmanWebApp.xlsm' because it is being used by another process."
2025-06-24 09:45:30 - ERROR: Attempt #1 failed: Cannot access Excel file for read/write operations
2025-06-24 09:45:30 - Killing all Excel processes...
2025-06-24 09:45:30 - Excel processes terminated
2025-06-24 09:45:30 - Attempt #1 failed, waiting 10 seconds before retry...
2025-06-24 09:45:30 - Refresh attempt #2 of 3
2025-06-24 09:45:30 - Killing all Excel processes...
2025-06-24 09:45:30 - Excel processes terminated
2025-06-24 09:45:30 - ERROR: File access test failed: Exception calling "Open" with "4" argument(s): "The process cannot access the file 'C:\Dashboard\DbaseSalesmanWebApp.xlsm' because it is being used by another process."
2025-06-24 09:45:30 - ERROR: Attempt #2 failed: Cannot access Excel file for read/write operations
2025-06-24 09:45:30 - Killing all Excel processes...
2025-06-24 09:45:30 - Excel processes terminated
2025-06-24 09:45:30 - Attempt #2 failed, waiting 10 seconds before retry...
2025-06-24 09:45:30 - Refresh attempt #3 of 3
2025-06-24 09:45:30 - Killing all Excel processes...
2025-06-24 09:45:30 - Excel processes terminated
2025-06-24 09:45:30 - ERROR: File access test failed: Exception calling "Open" with "4" argument(s): "The process cannot access the file 'C:\Dashboard\DbaseSalesmanWebApp.xlsm' because it is being used by another process."
2025-06-24 09:45:30 - ERROR: Attempt #3 failed: Cannot access Excel file for read/write operations
2025-06-24 09:45:30 - Killing all Excel processes...
2025-06-24 09:45:30 - Excel processes terminated
2025-06-24 09:45:30 - ERROR: FINAL RESULT: Excel refresh failed after 3 attempts
2025-06-24 09:45:12 - ERROR: Attempt #1 failed: The remote procedure call failed. (Exception from HRESULT: 0x800706BE)
2025-06-24 09:45:12 - Emergency cleanup performed
2025-06-24 09:45:12 - Killing all Excel processes...
2025-06-24 09:45:12 - Excel processes terminated
2025-06-24 09:45:12 - Attempt #1 failed, waiting 10 seconds before retry...
2025-06-24 09:45:12 - Refresh attempt #2 of 3
2025-06-24 09:45:12 - Killing all Excel processes...
2025-06-24 09:45:12 - Excel processes terminated
2025-06-24 09:45:12 - Starting Excel application (attempt #2)...
2025-06-24 09:45:12 - Opening workbook...
2025-06-24 09:45:12 - Found 1 data connection(s)
2025-06-24 09:45:12 - Starting refresh of all data connections...
2025-06-24 09:45:12 - ERROR: Attempt #2 failed: The remote procedure call failed. (Exception from HRESULT: 0x800706BE)
2025-06-24 09:45:12 - Emergency cleanup performed
2025-06-24 09:45:12 - Killing all Excel processes...
2025-06-24 09:45:12 - Excel processes terminated
2025-06-24 09:45:12 - Attempt #2 failed, waiting 10 seconds before retry...
2025-06-24 09:45:12 - Refresh attempt #3 of 3
2025-06-24 09:45:12 - Killing all Excel processes...
2025-06-24 09:45:12 - Excel processes terminated
2025-06-24 09:45:12 - Starting Excel application (attempt #3)...
2025-06-24 09:45:12 - Opening workbook...
2025-06-24 09:45:12 - Found 1 data connection(s)
2025-06-24 09:45:12 - Starting refresh of all data connections...
2025-06-24 12:01:55 - ==========================================
2025-06-24 12:01:55 - Starting Excel auto-refresh process (Robust Version)
2025-06-24 12:01:55 - Target file: C:\Dashboard\DbaseSalesmanWebApp.xlsx
2025-06-24 12:01:55 - Refresh wait time: 30 seconds
2025-06-24 12:01:55 - Max retries: 3
2025-06-24 12:01:55 - Excel file found and accessible
2025-06-24 12:01:55 - Refresh attempt #1 of 3
2025-06-24 12:01:55 - Killing all Excel processes...
2025-06-24 12:01:55 - Excel processes terminated
2025-06-24 12:01:55 - Starting Excel application (attempt #1)...
2025-06-24 12:01:55 - Opening workbook...
2025-06-24 12:01:55 - Found 1 data connection(s)
2025-06-24 12:01:55 - Starting refresh of all data connections...
2025-06-24 12:25:47 - ================================================
2025-06-24 12:25:47 - Excel Auto-Refresh Script - XLSX Optimized Version
2025-06-24 12:25:47 - Target file: C:\Dashboard\DbaseSalesmanWebApp.xlsx
2025-06-24 12:25:47 - Refresh wait time: 30 seconds
2025-06-24 12:25:47 - Max retries: 3
2025-06-24 12:25:47 - File format: Microsoft Excel (.xlsx) - No Macros
2025-06-24 12:25:47 - XLSX file confirmed: C:\Dashboard\DbaseSalesmanWebApp.xlsx
2025-06-24 12:25:47 - Starting refresh attempt 1 of 3
2025-06-24 12:25:47 - === XLSX Refresh Attempt #1 ===
2025-06-24 12:25:47 - Terminating Excel processes (smart method)...
2025-06-24 09:45:12 - ERROR: Attempt #3 failed: The remote procedure call failed. (Exception from HRESULT: 0x800706BE)
2025-06-24 09:45:12 - Emergency cleanup performed
2025-06-24 09:45:12 - Killing all Excel processes...
2025-06-24 12:25:47 - Taskkill completed (exit code: 0)
2025-06-24 12:25:47 - PowerShell kill attempted
2025-06-24 09:45:12 - Excel processes terminated
2025-06-24 09:45:12 - ERROR: FINAL RESULT: Excel refresh failed after 3 attempts
2025-06-24 12:25:47 - All Excel processes terminated successfully
2025-06-24 12:25:47 - Removing lock files and temporary files...
2025-06-24 12:25:47 - Removed 0 lock/temp files
2025-06-24 12:25:47 - Testing file access: C:\Dashboard\DbaseSalesmanWebApp.xlsx
2025-06-24 12:25:47 - File size: 1.32 MB
2025-06-24 12:25:47 - Last modified: 06/24/2025 11:57:59
2025-06-24 12:25:47 - Read access: OK
2025-06-24 12:25:47 - Write access: OK
2025-06-24 12:25:47 - Exclusive access: OK
2025-06-24 12:25:47 - Starting Excel application (optimized for XLSX)...
2025-06-24 12:25:47 - ERROR: XLSX refresh attempt #1 failed: Exception setting "Calculation": "Exception from HRESULT: 0x800A03EC"
2025-06-24 12:25:47 - Terminating Excel processes (smart method)...
2025-06-24 12:25:47 - Taskkill completed (exit code: 0)
2025-06-24 12:25:47 - PowerShell kill attempted
2025-06-24 12:25:47 - All Excel processes terminated successfully
2025-06-24 12:25:47 - Attempt #1 failed, waiting 10 seconds before retry...
2025-06-24 12:25:47 - Starting refresh attempt 2 of 3
2025-06-24 12:25:47 - === XLSX Refresh Attempt #2 ===
2025-06-24 12:25:47 - Terminating Excel processes (smart method)...
2025-06-24 12:25:47 - Taskkill completed (exit code: 128)
2025-06-24 12:25:47 - PowerShell kill attempted
2025-06-24 12:25:47 - All Excel processes terminated successfully
2025-06-24 12:25:47 - Removing lock files and temporary files...
2025-06-24 12:25:47 - Removed 0 lock/temp files
2025-06-24 12:25:47 - Testing file access: C:\Dashboard\DbaseSalesmanWebApp.xlsx
2025-06-24 12:25:47 - File size: 1.32 MB
2025-06-24 12:25:47 - Last modified: 06/24/2025 11:57:59
2025-06-24 12:25:47 - Read access: OK
2025-06-24 12:25:47 - Write access: OK
2025-06-24 12:25:47 - Exclusive access: OK
2025-06-24 12:25:47 - Starting Excel application (optimized for XLSX)...
2025-06-24 12:25:47 - ERROR: XLSX refresh attempt #2 failed: Exception setting "Calculation": "Exception from HRESULT: 0x800A03EC"
2025-06-24 12:25:47 - Terminating Excel processes (smart method)...
2025-06-24 12:25:47 - Taskkill completed (exit code: 0)
2025-06-24 12:25:47 - PowerShell kill attempted
2025-06-24 12:25:47 - All Excel processes terminated successfully
2025-06-24 12:25:47 - Attempt #2 failed, waiting 10 seconds before retry...
2025-06-24 12:25:47 - Starting refresh attempt 3 of 3
2025-06-24 12:25:47 - === XLSX Refresh Attempt #3 ===
2025-06-24 12:25:47 - Terminating Excel processes (smart method)...
2025-06-24 12:25:47 - Taskkill completed (exit code: 128)
2025-06-24 12:25:47 - PowerShell kill attempted
2025-06-24 12:25:47 - All Excel processes terminated successfully
2025-06-24 12:25:47 - Removing lock files and temporary files...
2025-06-24 12:25:47 - Removed 0 lock/temp files
2025-06-24 12:25:47 - Testing file access: C:\Dashboard\DbaseSalesmanWebApp.xlsx
2025-06-24 12:25:47 - File size: 1.32 MB
2025-06-24 12:25:47 - Last modified: 06/24/2025 11:57:59
2025-06-24 12:25:47 - Read access: OK
2025-06-24 12:25:47 - Write access: OK
2025-06-24 12:25:47 - Exclusive access: OK
2025-06-24 12:25:47 - Starting Excel application (optimized for XLSX)...
2025-06-24 12:25:47 - ERROR: XLSX refresh attempt #3 failed: Exception setting "Calculation": "Exception from HRESULT: 0x800A03EC"
2025-06-24 12:25:47 - Terminating Excel processes (smart method)...
2025-06-24 12:25:47 - Taskkill completed (exit code: 0)
2025-06-24 12:25:47 - PowerShell kill attempted
2025-06-24 12:25:47 - All Excel processes terminated successfully
2025-06-24 12:25:47 - ERROR: FINAL RESULT: XLSX Excel refresh failed after 3 attempts
2025-06-24 12:25:47 - ERROR: Total execution time: 47.8 seconds
2025-06-24 12:25:47 - Detailed failure information saved to: C:\Dashboard\excel_refresh_failure.txt
2025-06-24 12:30:08 - ================================================
2025-06-24 12:30:09 - Excel Auto-Refresh Script - Simplified Version
2025-06-24 12:30:09 - Target file: C:\Dashboard\DbaseSalesmanWebApp.xlsx
2025-06-24 12:30:09 - Refresh wait time: 30 seconds
2025-06-24 12:30:09 - Max retries: 3
2025-06-24 12:30:09 - Method: Simplified (avoid problematic COM properties)
2025-06-24 12:30:09 - Excel file confirmed: C:\Dashboard\DbaseSalesmanWebApp.xlsx
2025-06-24 12:30:09 - Starting attempt 1 of 3
2025-06-24 12:30:09 - === Simple Refresh Attempt #1 ===
2025-06-24 12:30:09 - Terminating Excel processes...
2025-06-24 12:30:10 - Taskkill exit code: 128
2025-06-24 12:30:13 - All Excel processes terminated
2025-06-24 12:30:13 - Removing lock files...
2025-06-24 12:30:13 - Removed 0 lock files
2025-06-24 12:30:13 - File size: 1.32 MB
2025-06-24 12:30:13 - Last modified: 06/24/2025 11:57:59
2025-06-24 12:30:13 - File access test: PASSED
2025-06-24 12:30:13 - Starting Excel application...
2025-06-24 12:30:16 - Excel application ready
2025-06-24 12:30:16 - Opening workbook...
2025-06-24 12:30:17 - Workbook opened: DbaseSalesmanWebApp.xlsx
2025-06-24 12:30:17 - Found 1 data connection(s)
2025-06-24 12:30:17 - Starting data refresh...
2025-06-24 12:31:56 - RefreshAll command executed
2025-06-24 12:31:56 - Waiting 30 seconds for refresh to complete...
2025-06-24 12:32:06 - Still waiting... (10/30 seconds)
2025-06-24 12:32:16 - Still waiting... (20/30 seconds)
2025-06-24 12:32:26 - Still waiting... (30/30 seconds)
2025-06-24 12:32:26 - Refresh phase completed in 129 seconds
2025-06-24 12:32:26 - Saving workbook...
2025-06-24 12:32:27 - Workbook saved successfully
2025-06-24 12:32:27 - File timestamp after save: 06/24/2025 12:32:27
2025-06-24 12:32:27 - File size after save: 1.32 MB
2025-06-24 12:32:27 - Closing workbook and Excel...
2025-06-24 12:32:28 - Workbook closed
2025-06-24 12:32:28 - Excel quit
2025-06-24 12:32:28 - COM cleanup completed
2025-06-24 12:32:28 - SUCCESS: Excel refresh completed successfully!
2025-06-24 12:32:28 - Final timestamp: 06/24/2025 12:32:27
2025-06-24 12:32:28 - Excel refresh succeeded on attempt #1
2025-06-24 12:32:28 - FINAL RESULT: Excel refresh completed successfully!
2025-06-24 12:32:28 - Total execution time: 139.5 seconds
2025-06-24 12:32:28 - System ready for dashboard update at 07:00
2025-06-24 12:33:16 - ================================================
2025-06-24 12:33:16 - Excel Auto-Refresh Script - Simplified Version
2025-06-24 12:33:16 - Target file: C:\Dashboard\DbaseSalesmanWebApp.xlsx
2025-06-24 12:33:16 - Refresh wait time: 30 seconds
2025-06-24 12:33:16 - Max retries: 3
2025-06-24 12:33:16 - Method: Simplified (avoid problematic COM properties)
2025-06-24 12:33:16 - Excel file confirmed: C:\Dashboard\DbaseSalesmanWebApp.xlsx
2025-06-24 12:33:16 - Starting attempt 1 of 3
2025-06-24 12:33:16 - === Simple Refresh Attempt #1 ===
2025-06-24 12:33:16 - Terminating Excel processes...
2025-06-24 12:33:17 - Taskkill exit code: 128
2025-06-24 12:33:20 - All Excel processes terminated
2025-06-24 12:33:20 - Removing lock files...
2025-06-24 12:33:20 - Removed 0 lock files
2025-06-24 12:33:20 - File size: 1.32 MB
2025-06-24 12:33:20 - Last modified: 06/24/2025 12:32:27
2025-06-24 12:33:20 - File access test: PASSED
2025-06-24 12:33:20 - Starting Excel application...
2025-06-24 12:33:23 - Excel application ready
2025-06-24 12:33:23 - Opening workbook...
2025-06-24 12:33:24 - Workbook opened: DbaseSalesmanWebApp.xlsx
2025-06-24 12:33:24 - Found 1 data connection(s)
2025-06-24 12:33:25 - Starting data refresh...
2025-06-24 12:35:04 - RefreshAll command executed
2025-06-24 12:35:04 - Waiting 30 seconds for refresh to complete...
2025-06-24 12:35:14 - Still waiting... (10/30 seconds)
2025-06-24 12:35:24 - Still waiting... (20/30 seconds)
2025-06-24 12:35:34 - Still waiting... (30/30 seconds)
2025-06-24 12:35:34 - Refresh phase completed in 129.8 seconds
2025-06-24 12:35:34 - Saving workbook...
2025-06-24 12:35:35 - Workbook saved successfully
2025-06-24 12:35:35 - File timestamp after save: 06/24/2025 12:35:35
2025-06-24 12:35:35 - File size after save: 1.32 MB
2025-06-24 12:35:35 - Closing workbook and Excel...
2025-06-24 12:35:36 - Workbook closed
2025-06-24 12:35:36 - Excel quit
2025-06-24 12:35:36 - COM cleanup completed
2025-06-24 12:35:36 - SUCCESS: Excel refresh completed successfully!
2025-06-24 12:35:36 - Final timestamp: 06/24/2025 12:35:35
2025-06-24 12:35:36 - Excel refresh succeeded on attempt #1
2025-06-24 12:35:36 - FINAL RESULT: Excel refresh completed successfully!
2025-06-24 12:35:36 - Total execution time: 140.5 seconds
2025-06-24 12:35:36 - System ready for dashboard update at 07:00
