2025-11-24 10:52:00,477 - INFO - Morning Update Session Started - 2025-11-24 10:52:00.477873
2025-11-24 10:52:00,478 - INFO - Reading Excel file...
2025-11-24 10:52:00,613 - INFO - Excel file loaded with 38 sheets
2025-11-24 10:52:00,613 - INFO - Exporting raw JSONL sheets for Android app...
2025-11-24 10:52:00,689 - INFO - Exported raw d.30pareto to both locations (180 rows)
2025-11-24 10:52:00,700 - INFO - Exported raw d.area to both locations (31 rows)
2025-11-24 10:52:00,713 - INFO - Exported raw d.channel to both locations (20 rows)
2025-11-24 10:52:00,722 - INFO - Exported raw d.channelproj to both locations (41 rows)
2025-11-24 10:52:00,728 - INFO - Exported raw d.dashboard to both locations (9 rows)
2025-11-24 10:52:00,734 - INFO - Exported raw d.depoproses to both locations (1 rows)
2025-11-24 10:52:02,145 - INFO - Exported raw d.details to both locations (1291 rows)
2025-11-24 10:52:02,159 - INFO - Exported raw d.tsales to both locations (35 rows)
2025-11-24 10:52:02,163 - INFO - Exported raw d.harijks to both locations (18 rows)
2025-11-24 10:52:02,167 - INFO - Exported raw d.HK to both locations (1 rows)
2025-11-24 10:52:02,177 - INFO - Exported raw d.insentif to both locations (29 rows)
2025-11-24 10:52:02,196 - INFO - Exported raw d.salesmanlob to both locations (51 rows)
2025-11-24 10:52:02,216 - INFO - Exported raw d.jks to both locations (104 rows)
2025-11-24 10:52:02,223 - INFO - Exported raw d.pcacec to both locations (30 rows)
2025-11-24 10:52:02,232 - INFO - Exported raw d.performance to both locations (7 rows)
2025-11-24 10:52:02,236 - INFO - Exported raw d.plankirim to both locations (0 rows)
2025-11-24 10:52:02,244 - INFO - Exported raw d.profile to both locations (6 rows)
2025-11-24 10:52:02,282 - INFO - Exported raw d.project to both locations (157 rows)
2025-11-24 10:52:02,288 - INFO - Exported raw d.salesman to both locations (6 rows)
2025-11-24 10:52:02,298 - INFO - Exported raw d.salesmanproses to both locations (6 rows)
2025-11-24 10:52:02,326 - INFO - Exported raw d.sku to both locations (259 rows)
2025-11-24 10:52:08,968 - INFO - Exported raw d.skupelanggan to both locations (48240 rows)
2025-11-24 10:52:08,977 - INFO - Exported raw d.soharian to both locations (26 rows)
2025-11-24 10:52:08,986 - INFO - Exported raw d.tpom to both locations (48 rows)
2025-11-24 10:52:08,987 - INFO - Raw export completed: 24 sheets processed
2025-11-24 10:52:08,987 - INFO - Generating chart_data.json...
2025-11-24 10:52:09,007 - INFO - Generated chart with 25 days
2025-11-24 10:52:09,008 - INFO - Saved chart_data.json
2025-11-24 10:52:09,008 - INFO - Pushing to GitHub...
