[Wed 06/25/2025 22:16:59.07] Morning update completed successfully 
[Wed 06/25/2025 22:20:15.96] Morning update completed successfully 
[Wed 06/25/2025 22:40:08.74] Morning update completed successfully 
[Wed 06/25/2025 23:20:43.08] Morning update FAILED with exit code 1 
[Thu 06/26/2025  0:47:56.25] Morning update completed successfully 
[Thu 06/26/2025  0:48:09.34] Morning update completed successfully 
[Fri 06/27/2025 11:24:27.80] DEBUG TEST - Can write to update_history.log 
[Fri 06/27/2025 11:25:29.33] BATCH DEBUG - About to check script result: 0 
[Fri 06/27/2025 11:25:29.34] Morning update completed successfully 
[Fri 06/27/2025 11:25:29.37] Batch script completed - Exit code: 0 
[Fri 06/27/2025 11:25:41.79] DEBUG TEST - Can write to update_history.log 
[Fri 06/27/2025 11:43:28.35] Excel refresh FAILED with exit code 1 - continuing with existing data 
[Fri 06/27/2025 11:43:33.44] Dashboard processing completed successfully 
[Fri 06/27/2025 11:43:33.46] COMPREHENSIVE UPDATE: Excel=1, Python=0, Overall=0 
[Fri 06/27/2025 12:29:34.31] Excel refresh completed successfully 
[Fri 06/27/2025 12:29:52.39] Dashboard processing completed successfully 
[Fri 06/27/2025 12:29:52.41] COMPREHENSIVE UPDATE: Excel=0, Python=0, Overall=0 
[Sat 06/28/2025  5:21:03.30] Excel refresh completed successfully 
[Sat 06/28/2025  5:21:15.16] Dashboard processing completed successfully 
[Sat 06/28/2025  5:21:15.21] COMPREHENSIVE UPDATE: Excel=0, Python=0, Overall=0 
[Tue 07/08/2025  8:42:30.43] Excel refresh completed successfully 
[Tue 07/08/2025  8:42:31.53] Dashboard processing FAILED with exit code 1 
[Tue 07/08/2025  8:42:32.23] COMPREHENSIVE UPDATE: Excel=0, Python=1, Overall=1 
[Fri 07/11/2025 20:12:32.63] Excel refresh completed successfully 
[Fri 07/11/2025 20:12:41.16] Dashboard processing completed successfully 
[Fri 07/11/2025 20:12:41.19] COMPREHENSIVE UPDATE: Excel=0, Python=0, Overall=0 
[Sun 07/13/2025 17:03:13.98] Excel refresh completed successfully 
[Sun 07/13/2025 17:03:37.49] Dashboard processing completed successfully 
[Sun 07/13/2025 17:03:37.61] COMPREHENSIVE UPDATE: Excel=0, Python=0, Overall=0 
[Wed 07/16/2025  8:20:55.01] Excel refresh completed successfully 
[Wed 07/16/2025  8:21:18.72] Dashboard processing completed successfully 
[Wed 07/16/2025  8:21:18.84] COMPREHENSIVE UPDATE: Excel=0, Python=0, Overall=0 
[Mon 07/21/2025  2:23:26.73] Excel refresh completed successfully 
[Mon 07/21/2025  2:23:34.52] Dashboard processing completed successfully 
[Mon 07/21/2025  2:23:34.66] COMPREHENSIVE UPDATE: Excel=0, Python=0, Overall=0 
[Wed 07/23/2025  9:43:41.56] Excel refresh completed successfully 
[Wed 07/23/2025  9:43:48.10] Dashboard processing completed successfully 
[Wed 07/23/2025  9:43:48.25] COMPREHENSIVE UPDATE: Excel=0, Python=0, Overall=0 
[Sat 07/26/2025  3:04:39.06] Excel refresh completed successfully 
[Sat 07/26/2025  3:04:49.21] Dashboard processing completed successfully 
[Sat 07/26/2025  3:04:49.40] COMPREHENSIVE UPDATE: Excel=0, Python=0, Overall=0 
[Sat 07/26/2025  5:02:34.67] Excel refresh completed successfully 
[Sat 07/26/2025  5:02:42.83] Dashboard processing completed successfully 
[Sat 07/26/2025  5:02:42.95] COMPREHENSIVE UPDATE: Excel=0, Python=0, Overall=0 
[Sat 07/26/2025  6:08:28.09] Excel refresh completed successfully 
[Sat 07/26/2025  6:08:36.99] Dashboard processing completed successfully 
[Sat 07/26/2025  6:08:37.13] COMPREHENSIVE UPDATE: Excel=0, Python=0, Overall=0 
[Sat 07/26/2025 11:40:40.84] Excel refresh completed successfully 
[Sat 07/26/2025 11:40:57.05] Dashboard processing completed successfully 
[Sat 07/26/2025 11:40:57.30] COMPREHENSIVE UPDATE: Excel=0, Python=0, Overall=0 
[Sun 07/27/2025 17:30:10.09] Excel refresh completed successfully 
[Sun 07/27/2025 17:30:23.58] Dashboard processing completed successfully 
[Sun 07/27/2025 17:30:23.76] COMPREHENSIVE UPDATE: Excel=0, Python=0, Overall=0 
[Mon 07/28/2025  5:04:05.60] Excel refresh completed successfully 
[Mon 07/28/2025  5:04:22.99] Dashboard processing completed successfully 
[Mon 07/28/2025  5:04:23.15] COMPREHENSIVE UPDATE: Excel=0, Python=0, Overall=0 
[Tue 07/29/2025  9:59:49.43] Excel refresh completed successfully 
[Tue 07/29/2025 10:00:15.15] Dashboard processing completed successfully 
[Tue 07/29/2025 10:00:15.30] COMPREHENSIVE UPDATE: Excel=0, Python=0, Overall=0 
[Thu 07/31/2025  7:50:56.86] Excel refresh completed successfully 
[Thu 07/31/2025  7:51:12.63] Dashboard processing completed successfully 
[Thu 07/31/2025  7:51:12.75] COMPREHENSIVE UPDATE: Excel=0, Python=0, Overall=0 
[Fri 08/01/2025  5:04:35.87] Excel refresh completed successfully 
[Fri 08/01/2025  5:04:55.29] Dashboard processing completed successfully 
[Fri 08/01/2025  5:04:55.44] COMPREHENSIVE UPDATE: Excel=0, Python=0, Overall=0 
[Sat 08/02/2025  5:03:26.62] Excel refresh completed successfully 
[Sat 08/02/2025  5:03:41.67] Dashboard processing completed successfully 
[Sat 08/02/2025  5:03:41.78] COMPREHENSIVE UPDATE: Excel=0, Python=0, Overall=0 
[Sun 08/03/2025  5:03:38.11] Excel refresh completed successfully 
[Sun 08/03/2025  5:03:53.77] Dashboard processing completed successfully 
[Sun 08/03/2025  5:03:53.88] COMPREHENSIVE UPDATE: Excel=0, Python=0, Overall=0 
[Mon 08/04/2025  5:04:04.79] Excel refresh completed successfully 
[Mon 08/04/2025  5:04:18.53] Dashboard processing completed successfully 
[Mon 08/04/2025  5:04:18.63] COMPREHENSIVE UPDATE: Excel=0, Python=0, Overall=0 
[Tue 08/05/2025  5:04:35.33] Excel refresh completed successfully 
[Tue 08/05/2025  5:04:54.50] Dashboard processing completed successfully 
[Tue 08/05/2025  5:04:54.66] COMPREHENSIVE UPDATE: Excel=0, Python=0, Overall=0 
[Wed 08/06/2025  5:05:29.03] Excel refresh completed successfully 
[Wed 08/06/2025  5:05:46.99] Dashboard processing completed successfully 
[Wed 08/06/2025  5:05:47.12] COMPREHENSIVE UPDATE: Excel=0, Python=0, Overall=0 
[Thu 08/07/2025  5:06:44.19] Excel refresh completed successfully 
[Thu 08/07/2025  5:07:00.90] Dashboard processing completed successfully 
[Thu 08/07/2025  5:07:01.01] COMPREHENSIVE UPDATE: Excel=0, Python=0, Overall=0 
[Fri 08/08/2025  5:03:58.01] Excel refresh completed successfully 
[Fri 08/08/2025  5:04:18.64] Dashboard processing completed successfully 
[Fri 08/08/2025  5:04:18.75] COMPREHENSIVE UPDATE: Excel=0, Python=0, Overall=0 
[Sat 08/09/2025  8:08:27.38] Excel refresh completed successfully 
[Sat 08/09/2025  8:08:48.65] Dashboard processing completed successfully 
[Sat 08/09/2025  8:08:48.82] COMPREHENSIVE UPDATE: Excel=0, Python=0, Overall=0 
[Sat 08/09/2025  8:28:56.89] Excel refresh completed successfully 
[Sat 08/09/2025  8:29:19.40] Dashboard processing completed successfully 
[Sat 08/09/2025  8:29:19.57] COMPREHENSIVE UPDATE: Excel=0, Python=0, Overall=0 
[Sat 08/09/2025 11:36:01.26] Excel refresh completed successfully 
[Sat 08/09/2025 11:36:24.87] Dashboard processing completed successfully 
[Sat 08/09/2025 11:36:25.02] COMPREHENSIVE UPDATE: Excel=0, Python=0, Overall=0 
[Sun 08/10/2025  5:03:58.64] Excel refresh completed successfully 
[Sun 08/10/2025  5:04:21.15] Dashboard processing completed successfully 
[Sun 08/10/2025  5:04:21.31] COMPREHENSIVE UPDATE: Excel=0, Python=0, Overall=0 
[Mon 08/11/2025  5:05:55.18] Excel refresh completed successfully 
[Mon 08/11/2025  5:06:11.47] Dashboard processing completed successfully 
[Mon 08/11/2025  5:06:11.57] COMPREHENSIVE UPDATE: Excel=0, Python=0, Overall=0 
[Tue 08/12/2025  5:04:02.11] Excel refresh completed successfully 
[Tue 08/12/2025  5:04:25.88] Dashboard processing completed successfully 
[Tue 08/12/2025  5:04:26.05] COMPREHENSIVE UPDATE: Excel=0, Python=0, Overall=0 
[Wed 08/13/2025  5:03:57.40] Excel refresh completed successfully 
[Wed 08/13/2025  5:04:18.06] Dashboard processing completed successfully 
[Wed 08/13/2025  5:04:18.20] COMPREHENSIVE UPDATE: Excel=0, Python=0, Overall=0 
[Thu 08/14/2025  5:05:52.42] Excel refresh completed successfully 
[Thu 08/14/2025  5:06:11.35] Dashboard processing completed successfully 
[Thu 08/14/2025  5:06:11.46] COMPREHENSIVE UPDATE: Excel=0, Python=0, Overall=0 
[Fri 08/15/2025  5:05:56.49] Excel refresh completed successfully 
[Fri 08/15/2025  5:06:16.66] Dashboard processing completed successfully 
[Fri 08/15/2025  5:06:16.79] COMPREHENSIVE UPDATE: Excel=0, Python=0, Overall=0 
[Sat 08/16/2025  5:05:51.98] Excel refresh completed successfully 
[Sat 08/16/2025  5:06:11.64] Dashboard processing completed successfully 
[Sat 08/16/2025  5:06:11.75] COMPREHENSIVE UPDATE: Excel=0, Python=0, Overall=0 
[Sun 08/17/2025 13:41:40.22] Excel refresh completed successfully 
[Sun 08/17/2025 13:42:00.09] Dashboard processing completed successfully 
[Sun 08/17/2025 13:42:00.22] COMPREHENSIVE UPDATE: Excel=0, Python=0, Overall=0 
[Mon 08/18/2025  8:19:44.58] Excel refresh FAILED with exit code 1 - continuing with existing data 
[Mon 08/18/2025  8:20:00.85] Dashboard processing completed successfully 
[Mon 08/18/2025  8:20:00.96] COMPREHENSIVE UPDATE: Excel=1, Python=0, Overall=0 
[Tue 08/19/2025  5:38:44.22] Excel refresh completed successfully 
[Tue 08/19/2025  5:39:06.95] Dashboard processing completed successfully 
[Tue 08/19/2025  5:39:07.08] COMPREHENSIVE UPDATE: Excel=0, Python=0, Overall=0 
[Wed 08/20/2025  2:38:52.32] Excel refresh completed successfully 
[Wed 08/20/2025  2:39:08.23] Dashboard processing completed successfully 
[Wed 08/20/2025  2:39:08.32] COMPREHENSIVE UPDATE: Excel=0, Python=0, Overall=0 
[Wed 08/20/2025  5:03:46.43] Excel refresh completed successfully 
[Wed 08/20/2025  5:04:05.06] Dashboard processing completed successfully 
[Wed 08/20/2025  5:04:05.16] COMPREHENSIVE UPDATE: Excel=0, Python=0, Overall=0 
[Thu 08/21/2025  5:04:24.04] Excel refresh completed successfully 
[Thu 08/21/2025  5:04:41.30] Dashboard processing completed successfully 
[Thu 08/21/2025  5:04:41.46] COMPREHENSIVE UPDATE: Excel=0, Python=0, Overall=0 
[Thu 08/21/2025  7:31:43.47] Excel refresh completed successfully 
[Thu 08/21/2025  7:32:02.79] Dashboard processing completed successfully 
[Thu 08/21/2025  7:32:02.97] COMPREHENSIVE UPDATE: Excel=0, Python=0, Overall=0 
[Fri 08/22/2025 11:00:14.87] Excel refresh completed successfully 
[Fri 08/22/2025 11:00:33.09] Dashboard processing completed successfully 
[Fri 08/22/2025 11:00:33.19] COMPREHENSIVE UPDATE: Excel=0, Python=0, Overall=0 
[Sat 08/23/2025  1:13:04.01] Excel refresh completed successfully 
[Sat 08/23/2025  1:13:28.73] Dashboard processing FAILED with exit code 1 
[Sat 08/23/2025  1:13:29.66] COMPREHENSIVE UPDATE: Excel=0, Python=1, Overall=1 
[Sat 08/23/2025  5:07:14.16] Excel refresh completed successfully 
[Sat 08/23/2025  5:07:34.01] Dashboard processing completed successfully 
[Sat 08/23/2025  5:07:34.13] COMPREHENSIVE UPDATE: Excel=0, Python=0, Overall=0 
[Sun 08/24/2025  6:12:39.75] Excel refresh completed successfully 
[Sun 08/24/2025  6:13:09.26] Dashboard processing completed successfully 
[Sun 08/24/2025  6:13:09.47] COMPREHENSIVE UPDATE: Excel=0, Python=0, Overall=0 
[Tue 08/26/2025  6:37:57.24] Excel refresh completed successfully 
[Tue 08/26/2025  6:38:15.41] Dashboard processing completed successfully 
[Tue 08/26/2025  6:38:15.51] COMPREHENSIVE UPDATE: Excel=0, Python=0, Overall=0 
[Wed 08/27/2025  8:42:09.47] Excel refresh completed successfully 
[Wed 08/27/2025  8:42:29.82] Dashboard processing completed successfully 
[Wed 08/27/2025  8:42:29.92] COMPREHENSIVE UPDATE: Excel=0, Python=0, Overall=0 
[Thu 08/28/2025 11:06:27.75] Excel refresh completed successfully 
[Thu 08/28/2025 11:06:47.24] Dashboard processing completed successfully 
[Thu 08/28/2025 11:06:47.36] COMPREHENSIVE UPDATE: Excel=0, Python=0, Overall=0 
[Fri 08/29/2025  8:21:49.73] Excel refresh completed successfully 
[Fri 08/29/2025  8:22:14.84] Dashboard processing completed successfully 
[Fri 08/29/2025  8:22:14.96] COMPREHENSIVE UPDATE: Excel=0, Python=0, Overall=0 
[Sat 08/30/2025  7:02:37.35] Excel refresh completed successfully 
[Sat 08/30/2025  7:02:57.74] Dashboard processing completed successfully 
[Sat 08/30/2025  7:02:57.85] COMPREHENSIVE UPDATE: Excel=0, Python=0, Overall=0 
[Sun 08/31/2025  4:36:15.31] Excel refresh completed successfully 
[Sun 08/31/2025  4:36:36.33] Dashboard processing completed successfully 
[Sun 08/31/2025  4:36:36.44] COMPREHENSIVE UPDATE: Excel=0, Python=0, Overall=0 
[Mon 09/01/2025  9:22:08.00] Excel refresh FAILED with exit code 1 - continuing with existing data 
[Mon 09/01/2025  9:29:09.59] Excel refresh completed successfully 
[Mon 09/01/2025  9:29:25.49] Dashboard processing completed successfully 
[Mon 09/01/2025  9:29:25.58] COMPREHENSIVE UPDATE: Excel=0, Python=0, Overall=0 
[Tue 09/02/2025  4:42:56.99] Excel refresh completed successfully 
[Tue 09/02/2025  4:43:17.33] Dashboard processing completed successfully 
[Tue 09/02/2025  4:43:17.43] COMPREHENSIVE UPDATE: Excel=0, Python=0, Overall=0 
[Thu 09/04/2025 10:32:38.55] Excel refresh completed successfully 
[Thu 09/04/2025 10:32:58.06] Dashboard processing completed successfully 
[Thu 09/04/2025 10:32:58.16] COMPREHENSIVE UPDATE: Excel=0, Python=0, Overall=0 
[Fri 09/05/2025 12:37:56.42] Excel refresh FAILED with exit code 1 - continuing with existing data 
[Fri 09/05/2025 12:38:23.48] Dashboard processing completed successfully 
[Fri 09/05/2025 12:38:23.61] COMPREHENSIVE UPDATE: Excel=1, Python=0, Overall=0 
[Sat 09/06/2025  4:35:53.44] Excel refresh completed successfully 
[Sat 09/06/2025  4:36:19.21] Dashboard processing completed successfully 
[Sat 09/06/2025  4:36:19.32] COMPREHENSIVE UPDATE: Excel=0, Python=0, Overall=0 
[Mon 09/08/2025 10:08:40.10] Excel refresh completed successfully 
[Mon 09/08/2025 10:09:07.14] Dashboard processing completed successfully 
[Mon 09/08/2025 10:09:07.32] COMPREHENSIVE UPDATE: Excel=0, Python=0, Overall=0 
[Tue 09/09/2025  7:16:26.47] Excel refresh completed successfully 
[Tue 09/09/2025  7:16:48.22] Dashboard processing completed successfully 
[Tue 09/09/2025  7:16:48.33] COMPREHENSIVE UPDATE: Excel=0, Python=0, Overall=0 
[Wed 09/10/2025  7:09:09.40] Excel refresh completed successfully 
[Wed 09/10/2025  7:09:31.49] Dashboard processing completed successfully 
[Wed 09/10/2025  7:09:31.60] COMPREHENSIVE UPDATE: Excel=0, Python=0, Overall=0 
[Thu 09/11/2025  4:40:54.29] Excel refresh completed successfully 
[Thu 09/11/2025  4:41:15.70] Dashboard processing completed successfully 
[Thu 09/11/2025  4:41:15.80] COMPREHENSIVE UPDATE: Excel=0, Python=0, Overall=0 
[Fri 09/12/2025  6:39:19.63] Excel refresh FAILED with exit code 1 - continuing with existing data 
[Fri 09/12/2025  6:39:39.40] Dashboard processing completed successfully 
[Fri 09/12/2025  6:39:39.55] COMPREHENSIVE UPDATE: Excel=1, Python=0, Overall=0 
[Fri 09/12/2025  6:51:06.92] Excel refresh completed successfully 
[Fri 09/12/2025  6:51:28.26] Dashboard processing completed successfully 
[Fri 09/12/2025  6:51:28.41] COMPREHENSIVE UPDATE: Excel=0, Python=0, Overall=0 
[Sat 09/13/2025  4:37:02.47] Excel refresh completed successfully 
[Sat 09/13/2025  4:37:23.19] Dashboard processing completed successfully 
[Sat 09/13/2025  4:37:23.34] COMPREHENSIVE UPDATE: Excel=0, Python=0, Overall=0 
[Sun 09/14/2025  4:47:19.91] Excel refresh completed successfully 
[Sun 09/14/2025  4:47:40.95] Dashboard processing completed successfully 
[Sun 09/14/2025  4:47:41.05] COMPREHENSIVE UPDATE: Excel=0, Python=0, Overall=0 
[Mon 09/15/2025  4:37:21.71] Excel refresh completed successfully 
[Mon 09/15/2025  4:37:46.46] Dashboard processing completed successfully 
[Mon 09/15/2025  4:37:46.64] COMPREHENSIVE UPDATE: Excel=0, Python=0, Overall=0 
[Tue 09/16/2025  4:44:56.94] Excel refresh completed successfully 
[Tue 09/16/2025  4:45:24.40] Dashboard processing completed successfully 
[Tue 09/16/2025  4:45:24.61] COMPREHENSIVE UPDATE: Excel=0, Python=0, Overall=0 
[Tue 09/16/2025  8:21:44.68] Excel refresh completed successfully 
[Tue 09/16/2025  8:22:12.92] Dashboard processing completed successfully 
[Tue 09/16/2025  8:22:13.10] COMPREHENSIVE UPDATE: Excel=0, Python=0, Overall=0 
[Wed 09/17/2025  4:37:42.39] Excel refresh completed successfully 
[Wed 09/17/2025  4:38:12.85] Dashboard processing completed successfully 
[Wed 09/17/2025  4:38:13.00] COMPREHENSIVE UPDATE: Excel=0, Python=0, Overall=0 
[Thu 09/18/2025  7:13:34.16] Excel refresh completed successfully 
[Thu 09/18/2025  7:13:54.21] Dashboard processing completed successfully 
[Thu 09/18/2025  7:13:54.33] COMPREHENSIVE UPDATE: Excel=0, Python=0, Overall=0 
[Thu 09/18/2025  9:23:39.46] Excel refresh completed successfully 
[Thu 09/18/2025  9:23:52.74] Dashboard processing completed successfully 
[Thu 09/18/2025  9:23:52.84] COMPREHENSIVE UPDATE: Excel=0, Python=0, Overall=0 
[Thu 09/18/2025 12:23:17.41] Excel refresh FAILED using VBS () with exit code 1 - continuing with existing data 
[Fri 09/19/2025  4:30:05.95] Excel refresh FAILED using VBS () with exit code 1 - continuing with existing data 
[Fri 09/19/2025  8:51:58.86] Excel refresh FAILED using VBS () with exit code 1 - continuing with existing data 
[Fri 09/19/2025  9:01:31.45] Excel refresh FAILED using VBS () with exit code 1 - continuing with existing data 
============================================================
                  EXCEL REFRESH: SUCCESS
============================================================


Status: Excel data refreshed successfully using VBS
File:  ready for processing
Method: VBS Script - All pivot tables and connections refreshed

[Fri 09/19/2025  9:14:20.59] Excel refresh completed successfully using VBS (
[Fri 09/19/2025  9:14:21.00] Excel refresh FAILED using VBS () with exit code 0 - continuing with existing data 
[Fri 09/19/2025  9:19:00.49] Excel refresh FAILED using VBS () with exit code 1 - continuing with existing data 
[Fri 09/19/2025  9:19:34.49] Excel refresh FAILED using VBS () with exit code 1 - continuing with existing data 
[Fri 09/19/2025  9:19:55.81] Excel refresh FAILED using VBS () with exit code 1 - continuing with existing data 
[Fri 09/19/2025  9:22:09.36] Excel refresh FAILED using VBS () with exit code 1 - continuing with existing data 
============================================================
                  EXCEL REFRESH: SUCCESS
============================================================


Status: Excel data refreshed successfully using VBS
File:  ready for processing
Method: VBS Script - All pivot tables and connections refreshed

[Fri 09/19/2025  9:36:33.36] Excel refresh completed successfully using VBS (
[Fri 09/19/2025  9:36:33.50] Excel refresh FAILED using VBS () with exit code 0 - continuing with existing data 
============================================================
                  EXCEL REFRESH: SUCCESS
============================================================


Status: Excel data refreshed successfully using VBS
File:  ready for processing
Method: VBS Script - All pivot tables and connections refreshed

[Sat 09/20/2025  9:14:10.78] Excel refresh completed successfully using VBS (
[Sat 09/20/2025  9:14:10.80] Excel refresh FAILED using VBS () with exit code 0 - continuing with existing data 
