2025-09-23 07:27:47,669 - INFO - ================================================================================
2025-09-23 07:27:47,669 - INFO - 🚀 MORNING UPDATE SESSION STARTED - 2025-09-23 07:27:47
2025-09-23 07:27:47,670 - INFO - ================================================================================
2025-09-23 07:27:47,670 - INFO - 📊 Reading Excel sheets...
2025-09-23 07:27:47,807 - INFO - Available sheets: ['d.tpom', 'd.tsales', 'd.salesmanlob', 'target_proses', 'd.soharian', 'd.pcacec', 'd.dashboard', 'd.30pareto', 'd.channelproj', 'monitoring', 'd.plankirim', 'Sheet1', 'Gap By JKS', 'Sheet4', 'Sheet6', 'Sheet7', '30 Pareto', 'd.details', 'd.performance', 'BE By JKS', 'BE 6+6', 'Dsource', 'Sheet3', 'STK', 'BE MTD', 'pelanggan', 'pelanggankec', 'ITG SC', 'ITG Arjuna', 'ITG Bima Clevo', 'ITG ALL', 'd.project', 'd.harijks', 'd.salesman', 'd.skupelanggan', 'd.sku', 'd.jks', 'd.channel', 'channel (2)', 'SC', 'd.area', 'd.insentif', 'd.profile', 'master', 'Sheet5', 'd.salesmanproses', 'd.depoproses']
2025-09-23 07:27:47,811 - INFO - ✅ Loaded sheet: d.dashboard
2025-09-23 07:27:47,812 - INFO -    Rows: 9, Columns: ['Nama Depo', 'LOB', 'LY', '3LM', 'LM', 'BP', 'Actual', 'Gap', 'vs BP', 'vs LY', 'vs 3LM', 'vs LM']
2025-09-23 07:27:47,814 - INFO - ✅ Loaded sheet: d.performance
2025-09-23 07:27:47,815 - INFO -    Rows: 7, Columns: ['Nama Depo', 'szEmployeeId', 'szname', 'Tipe Salesman', 'Target', 'Actual', 'Ach', 'Gap', 'Rank']
2025-09-23 07:27:47,821 - INFO - ✅ Loaded sheet: d.salesmanlob
2025-09-23 07:27:47,822 - INFO -    Rows: 60, Columns: ['Nama Depo', 'NIK SAC', 'Nama SAC', 'szEmployeeId', 'szname', 'Dept', 'Tipe Salesman', '3LM', 'Target', 'Actual', 'Ach', 'vs 3LM', 'LOB', 'GROUP', 'Gap']
2025-09-23 07:27:47,825 - INFO - ✅ Loaded sheet: d.salesmanproses
2025-09-23 07:27:47,826 - INFO -    Rows: 7, Columns: ['Nama Depo', 'szEmployeeId', 'szname', 'Tipe Salesman', 'T.CR', 'A.CR', 'Ach_CR', 'A.CA', 'Ach_CA', 'T.PC', 'A.PC', 'Ach_PC', 'T.AC', 'A.AC', 'Ach_AC', 'T.EC', 'A.EC', 'Ach_EC', 'T.ET', 'A.ET', 'Ach_ET', 'T.AvgSKU', 'A.AvgSKU', 'Strata', 'T.CAProdW', 'A.CAProdW', 'Ach_CAProdW', 'T.CAProdR', 'A.CAProdR', 'Ach_CAProdR', 'T.CAProdM', 'A.CAProdM', 'Ach_CAProdM', 'Ach_CAProdAll', 'T.GPFood', 'A.GPFood', 'Ach_GPFood', 'T.GPOthers', 'A.GPOthers', 'Ach_GPOthers', 'AR_Coll', 'Gap_GPFood', 'Gap_GPOthers']
2025-09-23 07:27:47,827 - INFO - ✅ Loaded sheet: d.soharian
2025-09-23 07:27:47,828 - INFO -    Rows: 27, Columns: ['Tgl', 'Target', 'SO', 'DO']
2025-09-23 07:27:47,833 - INFO - ✅ Loaded sheet: d.insentif
2025-09-23 07:27:47,833 - INFO -    Rows: 13, Columns: ['NIK SAC', 'Nama SAC', 'szEmployeeId', 'szname', 'Dept', 'Tipe Salesman', 'GPPJ & GEN', 'GBS & OTHERS', 'GPPJ', 'GBS', 'MBR', 'HGJ', 'OTHERS', 'Avg SKU', 'GP', 'POM', 'AR Coll', 'Insentif_sales', 'Insentif_Proses', 'Total_Insentif', 'Periode']
2025-09-23 07:27:47,835 - INFO - 🔍 Validating data...
2025-09-23 07:27:47,835 - INFO - ✅ Optional sheet found: d.insentif
2025-09-23 07:27:47,836 - INFO - ✅ Data validation passed
2025-09-23 07:27:47,836 - INFO - 🔄 Processing Excel data to JSON with format Indonesia Rb/Jt/M + Gap field + Incentive...
2025-09-23 07:27:47,837 - INFO - 🔄 Processing dashboard data with all metrics + Total...
2025-09-23 07:27:47,838 - INFO - Dashboard columns: ['Nama Depo', 'LOB', 'LY', '3LM', 'LM', 'BP', 'Actual', 'Gap', 'vs BP', 'vs LY', 'vs 3LM', 'vs LM']
2025-09-23 07:27:47,838 - INFO - 🔍 DEBUG: Inspecting dashboard data structure...
2025-09-23 07:27:47,840 - INFO - Column names: ['Nama Depo', 'LOB', 'LY', '3LM', 'LM', 'BP', 'Actual', 'Gap', 'vs BP', 'vs LY', 'vs 3LM', 'vs LM']
2025-09-23 07:27:47,840 - INFO - First 3 rows of dashboard data:
2025-09-23 07:27:47,841 - INFO - Row 0: LOB=GPPJ
2025-09-23 07:27:47,841 - INFO -   Actual: 1973199592.5909228 (type: <class 'numpy.float64'>)
2025-09-23 07:27:47,842 - INFO -   BP: 1753822107.9750655 (type: <class 'numpy.float64'>)
2025-09-23 07:27:47,842 - INFO -   vs BP: 1.1250853684751112 (type: <class 'numpy.float64'>)
2025-09-23 07:27:47,845 - INFO -   vs LY: 0 (type: <class 'numpy.int64'>)
2025-09-23 07:27:47,846 - INFO -   vs 3LM: -0.0006010346564989666 (type: <class 'numpy.float64'>)
2025-09-23 07:27:47,847 - INFO -   vs LM: 0 (type: <class 'numpy.int64'>)
2025-09-23 07:27:47,848 - INFO - Row 1: LOB=GEN
2025-09-23 07:27:47,848 - INFO -   Actual: 126361806.13036712 (type: <class 'numpy.float64'>)
2025-09-23 07:27:47,848 - INFO -   BP: 217672761.84238046 (type: <class 'numpy.float64'>)
2025-09-23 07:27:47,849 - INFO -   vs BP: 0.5805127157887915 (type: <class 'numpy.float64'>)
2025-09-23 07:27:47,850 - INFO -   vs LY: 0 (type: <class 'numpy.int64'>)
2025-09-23 07:27:47,850 - INFO -   vs 3LM: -0.2900699969359094 (type: <class 'numpy.float64'>)
2025-09-23 07:27:47,851 - INFO -   vs LM: 0 (type: <class 'numpy.int64'>)
2025-09-23 07:27:47,852 - INFO - Row 2: LOB=GBS
2025-09-23 07:27:47,852 - INFO -   Actual: 639255556.7395835 (type: <class 'numpy.float64'>)
2025-09-23 07:27:47,852 - INFO -   BP: 1150270311.7162423 (type: <class 'numpy.float64'>)
2025-09-23 07:27:47,853 - INFO -   vs BP: 0.5557437675547694 (type: <class 'numpy.float64'>)
2025-09-23 07:27:47,853 - INFO -   vs LY: 0 (type: <class 'numpy.int64'>)
2025-09-23 07:27:47,854 - INFO -   vs 3LM: -0.26089349092200176 (type: <class 'numpy.float64'>)
2025-09-23 07:27:47,854 - INFO -   vs LM: 0 (type: <class 'numpy.int64'>)
2025-09-23 07:27:47,854 - INFO - Potential vs columns: ['vs BP', 'vs LY', 'vs 3LM', 'vs LM']
2025-09-23 07:27:47,856 - INFO - 🎯 Processing LOB: GPPJ
2025-09-23 07:27:47,856 - INFO - Found exact match: vs BP = 1.1250853684751112
2025-09-23 07:27:47,857 - WARNING - Could not find vs metric from options: ['vs LY', 'vs_LY', 'vsLY', 'VS LY', 'vs ly']
2025-09-23 07:27:47,857 - WARNING - Available columns: Index(['Nama Depo', 'LOB', 'LY', '3LM', 'LM', 'BP', 'Actual', 'Gap', 'vs BP',
       'vs LY', 'vs 3LM', 'vs LM'],
      dtype='object')
2025-09-23 07:27:47,857 - INFO - Found exact match: vs 3LM = -0.0006010346564989666
2025-09-23 07:27:47,858 - WARNING - Could not find vs metric from options: ['vs LM', 'vs_LM', 'vsLM', 'VS LM', 'vs lm']
2025-09-23 07:27:47,858 - WARNING - Available columns: Index(['Nama Depo', 'LOB', 'LY', '3LM', 'LM', 'BP', 'Actual', 'Gap', 'vs BP',
       'vs LY', 'vs 3LM', 'vs LM'],
      dtype='object')
2025-09-23 07:27:47,859 - INFO - DEBUG GPPJ:
2025-09-23 07:27:47,862 - INFO -   Actual: 1973199592.5909228 -> 1973199592.5909228
2025-09-23 07:27:47,863 - INFO -   BP: 1753822107.9750655 -> 1753822107.9750655
2025-09-23 07:27:47,864 - INFO -   Achievement: 112.5%
2025-09-23 07:27:47,864 - INFO -   vs_BP: 1.1250853684751112 -> 1%
2025-09-23 07:27:47,865 - INFO -   vs_LY: 0 -> 0%
2025-09-23 07:27:47,865 - INFO -   vs_3LM: -0.0006010346564989666 -> 0%
2025-09-23 07:27:47,866 - INFO -   vs_LM: 0 -> 0%
2025-09-23 07:27:47,867 - INFO - ✅ Added LOB: GPPJ - Ach:113%, vs LM:+0%, vs 3LM:+0%, vs LY:+0%
2025-09-23 07:27:47,867 - INFO - 🎯 Processing LOB: GEN
2025-09-23 07:27:47,868 - INFO - Found exact match: vs BP = 0.5805127157887915
2025-09-23 07:27:47,868 - WARNING - Could not find vs metric from options: ['vs LY', 'vs_LY', 'vsLY', 'VS LY', 'vs ly']
2025-09-23 07:27:47,869 - WARNING - Available columns: Index(['Nama Depo', 'LOB', 'LY', '3LM', 'LM', 'BP', 'Actual', 'Gap', 'vs BP',
       'vs LY', 'vs 3LM', 'vs LM'],
      dtype='object')
2025-09-23 07:27:47,869 - INFO - Found exact match: vs 3LM = -0.2900699969359094
2025-09-23 07:27:47,870 - WARNING - Could not find vs metric from options: ['vs LM', 'vs_LM', 'vsLM', 'VS LM', 'vs lm']
2025-09-23 07:27:47,870 - WARNING - Available columns: Index(['Nama Depo', 'LOB', 'LY', '3LM', 'LM', 'BP', 'Actual', 'Gap', 'vs BP',
       'vs LY', 'vs 3LM', 'vs LM'],
      dtype='object')
2025-09-23 07:27:47,871 - INFO - DEBUG GEN:
2025-09-23 07:27:47,871 - INFO -   Actual: 126361806.13036712 -> 126361806.13036712
2025-09-23 07:27:47,872 - INFO -   BP: 217672761.84238046 -> 217672761.84238046
2025-09-23 07:27:47,872 - INFO -   Achievement: 58.1%
2025-09-23 07:27:47,873 - INFO -   vs_BP: 0.5805127157887915 -> 58%
2025-09-23 07:27:47,873 - INFO -   vs_LY: 0 -> 0%
2025-09-23 07:27:47,873 - INFO -   vs_3LM: -0.2900699969359094 -> -29%
2025-09-23 07:27:47,873 - INFO -   vs_LM: 0 -> 0%
2025-09-23 07:27:47,874 - INFO - ✅ Added LOB: GEN - Ach:58%, vs LM:+0%, vs 3LM:-29%, vs LY:+0%
2025-09-23 07:27:47,875 - INFO - 🎯 Processing LOB: GBS
2025-09-23 07:27:47,878 - INFO - Found exact match: vs BP = 0.5557437675547694
2025-09-23 07:27:47,878 - WARNING - Could not find vs metric from options: ['vs LY', 'vs_LY', 'vsLY', 'VS LY', 'vs ly']
2025-09-23 07:27:47,879 - WARNING - Available columns: Index(['Nama Depo', 'LOB', 'LY', '3LM', 'LM', 'BP', 'Actual', 'Gap', 'vs BP',
       'vs LY', 'vs 3LM', 'vs LM'],
      dtype='object')
2025-09-23 07:27:47,880 - INFO - Found exact match: vs 3LM = -0.26089349092200176
2025-09-23 07:27:47,880 - WARNING - Could not find vs metric from options: ['vs LM', 'vs_LM', 'vsLM', 'VS LM', 'vs lm']
2025-09-23 07:27:47,881 - WARNING - Available columns: Index(['Nama Depo', 'LOB', 'LY', '3LM', 'LM', 'BP', 'Actual', 'Gap', 'vs BP',
       'vs LY', 'vs 3LM', 'vs LM'],
      dtype='object')
2025-09-23 07:27:47,881 - INFO - DEBUG GBS:
2025-09-23 07:27:47,882 - INFO -   Actual: 639255556.7395835 -> 639255556.7395835
2025-09-23 07:27:47,882 - INFO -   BP: 1150270311.7162423 -> 1150270311.7162423
2025-09-23 07:27:47,883 - INFO -   Achievement: 55.6%
2025-09-23 07:27:47,883 - INFO -   vs_BP: 0.5557437675547694 -> 56%
2025-09-23 07:27:47,883 - INFO -   vs_LY: 0 -> 0%
2025-09-23 07:27:47,884 - INFO -   vs_3LM: -0.26089349092200176 -> -26%
2025-09-23 07:27:47,885 - INFO -   vs_LM: 0 -> 0%
2025-09-23 07:27:47,885 - INFO - ✅ Added LOB: GBS - Ach:56%, vs LM:+0%, vs 3LM:-26%, vs LY:+0%
2025-09-23 07:27:47,886 - INFO - 🎯 Processing LOB: MBR
2025-09-23 07:27:47,886 - INFO - Found exact match: vs BP = 1.2088310208594681
2025-09-23 07:27:47,887 - WARNING - Could not find vs metric from options: ['vs LY', 'vs_LY', 'vsLY', 'VS LY', 'vs ly']
2025-09-23 07:27:47,887 - WARNING - Available columns: Index(['Nama Depo', 'LOB', 'LY', '3LM', 'LM', 'BP', 'Actual', 'Gap', 'vs BP',
       'vs LY', 'vs 3LM', 'vs LM'],
      dtype='object')
2025-09-23 07:27:47,888 - INFO - Found exact match: vs 3LM = 0.4283501019377789
2025-09-23 07:27:47,888 - WARNING - Could not find vs metric from options: ['vs LM', 'vs_LM', 'vsLM', 'VS LM', 'vs lm']
2025-09-23 07:27:47,890 - WARNING - Available columns: Index(['Nama Depo', 'LOB', 'LY', '3LM', 'LM', 'BP', 'Actual', 'Gap', 'vs BP',
       'vs LY', 'vs 3LM', 'vs LM'],
      dtype='object')
2025-09-23 07:27:47,890 - INFO - DEBUG MBR:
2025-09-23 07:27:47,890 - INFO -   Actual: 41035629.102203965 -> 41035629.102203965
2025-09-23 07:27:47,891 - INFO -   BP: 33946538.75860002 -> 33946538.75860002
2025-09-23 07:27:47,895 - INFO -   Achievement: 120.9%
2025-09-23 07:27:47,896 - INFO -   vs_BP: 1.2088310208594681 -> 1%
2025-09-23 07:27:47,896 - INFO -   vs_LY: 0 -> 0%
2025-09-23 07:27:47,896 - INFO -   vs_3LM: 0.4283501019377789 -> 43%
2025-09-23 07:27:47,897 - INFO -   vs_LM: 0 -> 0%
2025-09-23 07:27:47,897 - INFO - ✅ Added LOB: MBR - Ach:121%, vs LM:+0%, vs 3LM:+43%, vs LY:+0%
2025-09-23 07:27:47,898 - INFO - 🎯 Processing LOB: HGJ
2025-09-23 07:27:47,898 - INFO - Found exact match: vs BP = 0.2446577966258838
2025-09-23 07:27:47,898 - WARNING - Could not find vs metric from options: ['vs LY', 'vs_LY', 'vsLY', 'VS LY', 'vs ly']
2025-09-23 07:27:47,899 - WARNING - Available columns: Index(['Nama Depo', 'LOB', 'LY', '3LM', 'LM', 'BP', 'Actual', 'Gap', 'vs BP',
       'vs LY', 'vs 3LM', 'vs LM'],
      dtype='object')
2025-09-23 07:27:47,899 - INFO - Found exact match: vs 3LM = 0.5039201821199562
2025-09-23 07:27:47,899 - WARNING - Could not find vs metric from options: ['vs LM', 'vs_LM', 'vsLM', 'VS LM', 'vs lm']
2025-09-23 07:27:47,900 - WARNING - Available columns: Index(['Nama Depo', 'LOB', 'LY', '3LM', 'LM', 'BP', 'Actual', 'Gap', 'vs BP',
       'vs LY', 'vs 3LM', 'vs LM'],
      dtype='object')
2025-09-23 07:27:47,900 - INFO - DEBUG HGJ:
2025-09-23 07:27:47,900 - INFO -   Actual: 1191820.5567560003 -> 1191820.5567560003
2025-09-23 07:27:47,901 - INFO -   BP: 4871377.790500017 -> 4871377.790500017
2025-09-23 07:27:47,901 - INFO -   Achievement: 24.5%
2025-09-23 07:27:47,901 - INFO -   vs_BP: 0.2446577966258838 -> 24%
2025-09-23 07:27:47,901 - INFO -   vs_LY: 0 -> 0%
2025-09-23 07:27:47,901 - INFO -   vs_3LM: 0.5039201821199562 -> 50%
2025-09-23 07:27:47,902 - INFO -   vs_LM: 0 -> 0%
2025-09-23 07:27:47,902 - INFO - ✅ Added LOB: HGJ - Ach:24%, vs LM:+0%, vs 3LM:+50%, vs LY:+0%
2025-09-23 07:27:47,902 - INFO - 🎯 Processing LOB: RANS
2025-09-23 07:27:47,903 - INFO - Found exact match: vs BP = 4.333490259249502
2025-09-23 07:27:47,903 - WARNING - Could not find vs metric from options: ['vs LY', 'vs_LY', 'vsLY', 'VS LY', 'vs ly']
2025-09-23 07:27:47,903 - WARNING - Available columns: Index(['Nama Depo', 'LOB', 'LY', '3LM', 'LM', 'BP', 'Actual', 'Gap', 'vs BP',
       'vs LY', 'vs 3LM', 'vs LM'],
      dtype='object')
2025-09-23 07:27:47,904 - INFO - Found exact match: vs 3LM = -0.18651508488704882
2025-09-23 07:27:47,904 - WARNING - Could not find vs metric from options: ['vs LM', 'vs_LM', 'vsLM', 'VS LM', 'vs lm']
2025-09-23 07:27:47,905 - WARNING - Available columns: Index(['Nama Depo', 'LOB', 'LY', '3LM', 'LM', 'BP', 'Actual', 'Gap', 'vs BP',
       'vs LY', 'vs 3LM', 'vs LM'],
      dtype='object')
2025-09-23 07:27:47,905 - INFO - DEBUG RANS:
2025-09-23 07:27:47,906 - INFO -   Actual: 33878314.971778005 -> 33878314.971778005
2025-09-23 07:27:47,906 - INFO -   BP: 7817789.574919973 -> 7817789.574919973
2025-09-23 07:27:47,906 - INFO -   Achievement: 433.3%
2025-09-23 07:27:47,909 - INFO -   vs_BP: 4.333490259249502 -> 4%
2025-09-23 07:27:47,910 - INFO -   vs_LY: 0 -> 0%
2025-09-23 07:27:47,911 - INFO -   vs_3LM: -0.18651508488704882 -> -19%
2025-09-23 07:27:47,911 - INFO -   vs_LM: 0 -> 0%
2025-09-23 07:27:47,911 - INFO - ✅ Added LOB: RANS - Ach:433%, vs LM:+0%, vs 3LM:-19%, vs LY:+0%
2025-09-23 07:27:47,912 - INFO - 🎯 Processing LOB: GSJ
2025-09-23 07:27:47,912 - INFO - Found exact match: vs BP = 0.05839629300019261
2025-09-23 07:27:47,913 - WARNING - Could not find vs metric from options: ['vs LY', 'vs_LY', 'vsLY', 'VS LY', 'vs ly']
2025-09-23 07:27:47,913 - WARNING - Available columns: Index(['Nama Depo', 'LOB', 'LY', '3LM', 'LM', 'BP', 'Actual', 'Gap', 'vs BP',
       'vs LY', 'vs 3LM', 'vs LM'],
      dtype='object')
2025-09-23 07:27:47,913 - INFO - Found exact match: vs 3LM = -0.39983618894600126
2025-09-23 07:27:47,914 - WARNING - Could not find vs metric from options: ['vs LM', 'vs_LM', 'vsLM', 'VS LM', 'vs lm']
2025-09-23 07:27:47,914 - WARNING - Available columns: Index(['Nama Depo', 'LOB', 'LY', '3LM', 'LM', 'BP', 'Actual', 'Gap', 'vs BP',
       'vs LY', 'vs 3LM', 'vs LM'],
      dtype='object')
2025-09-23 07:27:47,914 - INFO - DEBUG GSJ:
2025-09-23 07:27:47,914 - INFO -   Actual: 248468.437114 -> 248468.437114
2025-09-23 07:27:47,915 - INFO -   BP: 4254866.607940001 -> 4254866.607940001
2025-09-23 07:27:47,915 - INFO -   Achievement: 5.8%
2025-09-23 07:27:47,915 - INFO -   vs_BP: 0.05839629300019261 -> 6%
2025-09-23 07:27:47,915 - INFO -   vs_LY: 0 -> 0%
2025-09-23 07:27:47,916 - INFO -   vs_3LM: -0.39983618894600126 -> -40%
2025-09-23 07:27:47,916 - INFO -   vs_LM: 0 -> 0%
2025-09-23 07:27:47,916 - INFO - ✅ Added LOB: GSJ - Ach:6%, vs LM:+0%, vs 3LM:-40%, vs LY:+0%
2025-09-23 07:27:47,917 - INFO - 🎯 Processing LOB: ABBOTT
2025-09-23 07:27:47,917 - WARNING - Could not find vs metric from options: ['vs BP', 'vs_BP', 'vsBP', 'VS BP', 'vs bp']
2025-09-23 07:27:47,917 - WARNING - Available columns: Index(['Nama Depo', 'LOB', 'LY', '3LM', 'LM', 'BP', 'Actual', 'Gap', 'vs BP',
       'vs LY', 'vs 3LM', 'vs LM'],
      dtype='object')
2025-09-23 07:27:47,917 - WARNING - Could not find vs metric from options: ['vs LY', 'vs_LY', 'vsLY', 'VS LY', 'vs ly']
2025-09-23 07:27:47,918 - WARNING - Available columns: Index(['Nama Depo', 'LOB', 'LY', '3LM', 'LM', 'BP', 'Actual', 'Gap', 'vs BP',
       'vs LY', 'vs 3LM', 'vs LM'],
      dtype='object')
2025-09-23 07:27:47,918 - INFO - Found exact match: vs 3LM = 2.6733754457886016
2025-09-23 07:27:47,918 - WARNING - Could not find vs metric from options: ['vs LM', 'vs_LM', 'vsLM', 'VS LM', 'vs lm']
2025-09-23 07:27:47,919 - WARNING - Available columns: Index(['Nama Depo', 'LOB', 'LY', '3LM', 'LM', 'BP', 'Actual', 'Gap', 'vs BP',
       'vs LY', 'vs 3LM', 'vs LM'],
      dtype='object')
2025-09-23 07:27:47,919 - INFO - DEBUG ABBOTT:
2025-09-23 07:27:47,919 - INFO -   Actual: 32567425.08 -> 32567425.08
2025-09-23 07:27:47,919 - INFO -   BP: 0.0 -> 0.0
2025-09-23 07:27:47,919 - INFO -   Achievement: 0.0%
2025-09-23 07:27:47,920 - INFO -   vs_BP: 0 -> 0%
2025-09-23 07:27:47,920 - INFO -   vs_LY: 0 -> 0%
2025-09-23 07:27:47,920 - INFO -   vs_3LM: 2.6733754457886016 -> 3%
2025-09-23 07:27:47,921 - INFO -   vs_LM: 0 -> 0%
2025-09-23 07:27:47,921 - INFO - ✅ Added LOB: ABBOTT - Ach:0%, vs LM:+0%, vs 3LM:+3%, vs LY:+0%
2025-09-23 07:27:47,922 - INFO - 🎯 Processing LOB: TOTAL
2025-09-23 07:27:47,925 - INFO - Found exact match: vs BP = 0.8975882775116488
2025-09-23 07:27:47,926 - WARNING - Could not find vs metric from options: ['vs LY', 'vs_LY', 'vsLY', 'VS LY', 'vs ly']
2025-09-23 07:27:47,927 - WARNING - Available columns: Index(['Nama Depo', 'LOB', 'LY', '3LM', 'LM', 'BP', 'Actual', 'Gap', 'vs BP',
       'vs LY', 'vs 3LM', 'vs LM'],
      dtype='object')
2025-09-23 07:27:47,927 - INFO - Found exact match: vs 3LM = -0.08070115887039464
2025-09-23 07:27:47,927 - WARNING - Could not find vs metric from options: ['vs LM', 'vs_LM', 'vsLM', 'VS LM', 'vs lm']
2025-09-23 07:27:47,928 - WARNING - Available columns: Index(['Nama Depo', 'LOB', 'LY', '3LM', 'LM', 'BP', 'Actual', 'Gap', 'vs BP',
       'vs LY', 'vs 3LM', 'vs LM'],
      dtype='object')
2025-09-23 07:27:47,928 - INFO - ✅ Stored TOTAL data: 90%, Actual: 2.8M, Target: 3.2M, Gap: 324.9Jt
2025-09-23 07:27:47,928 - INFO - ✅ Processed 8 LOB cards + TOTAL data with all metrics
2025-09-23 07:27:47,929 - INFO - ✅ Added TOTAL data to result: TOTAL - 90%
2025-09-23 07:27:47,929 - INFO - 🔄 Processing salesman data for ranking and login...
2025-09-23 07:27:47,930 - INFO - Performance columns: ['Nama Depo', 'szEmployeeId', 'szname', 'Tipe Salesman', 'Target', 'Actual', 'Ach', 'Gap', 'Rank']
2025-09-23 07:27:47,930 - INFO - ✅ Added salesman: szEmployeeId 17210032876 - Asman - 115%
2025-09-23 07:27:47,931 - INFO - ✅ Added salesman: szEmployeeId 17210037897 - Hindra - 78%
2025-09-23 07:27:47,931 - INFO - ✅ Added salesman: szEmployeeId 17210036369 - Muhammad Tamrin - 75%
2025-09-23 07:27:47,931 - INFO - ✅ Added salesman: szEmployeeId 17210037632 - Robianor - 98%
2025-09-23 07:27:47,932 - INFO - ✅ Added salesman: szEmployeeId 17210038077 - Sopian Sauri - 68%
2025-09-23 07:27:47,932 - INFO - ✅ Added salesman: szEmployeeId 17210041467 - Doli Purnama Sari - 101%
2025-09-23 07:27:47,932 - INFO - ✅ Added salesman: szEmployeeId 17210041719 - Muhammad Iqbal Purwa Atmaja - 127%
2025-09-23 07:27:47,933 - INFO - ✅ Processed 7 salesman with szEmployeeId authentication
2025-09-23 07:27:47,933 - INFO - 🔄 Processing salesman details with szEmployeeId mapping + TOTAL & Ranking...
2025-09-23 07:27:47,934 - INFO - LOB columns: ['Nama Depo', 'NIK SAC', 'Nama SAC', 'szEmployeeId', 'szname', 'Dept', 'Tipe Salesman', '3LM', 'Target', 'Actual', 'Ach', 'vs 3LM', 'LOB', 'GROUP', 'Gap']
2025-09-23 07:27:47,934 - INFO - Performance columns: ['Nama Depo', 'szEmployeeId', 'szname', 'Tipe Salesman', 'Target', 'Actual', 'Ach', 'Gap', 'Rank']
2025-09-23 07:27:47,935 - INFO - ✅ Added performance for szEmployeeId 17210032876, LOB GBS: 0%, Gap: 0
2025-09-23 07:27:47,935 - INFO - ✅ Added performance for szEmployeeId 17210036369, LOB GBS: 48%, Gap: -152881952
2025-09-23 07:27:47,935 - INFO - ✅ Added performance for szEmployeeId 17210037632, LOB GBS: 59%, Gap: -98410023
2025-09-23 07:27:47,936 - INFO - ✅ Added performance for szEmployeeId 17210037897, LOB GBS: 39%, Gap: -143633010
2025-09-23 07:27:47,936 - INFO - ✅ Added performance for szEmployeeId 17210038077, LOB GBS: 54%, Gap: -145674976
2025-09-23 07:27:47,936 - INFO - ✅ Added performance for szEmployeeId 17210032876, LOB GEN: 56%, Gap: -31483784
2025-09-23 07:27:47,937 - INFO - ✅ Added performance for szEmployeeId 17210036369, LOB GEN: 38%, Gap: -30584602
2025-09-23 07:27:47,937 - INFO - ✅ Added performance for szEmployeeId 17210037632, LOB GEN: 58%, Gap: -16194803
2025-09-23 07:27:47,942 - INFO - ✅ Added performance for szEmployeeId 17210037897, LOB GEN: 63%, Gap: -14451172
2025-09-23 07:27:47,942 - INFO - ✅ Added performance for szEmployeeId 17210038077, LOB GEN: 0%, Gap: 0
2025-09-23 07:27:47,943 - INFO - ✅ Added performance for szEmployeeId 17210032876, LOB GPPJ: 125%, Gap: 110.8Jt
2025-09-23 07:27:47,943 - INFO - ✅ Added performance for szEmployeeId 17210036369, LOB GPPJ: 83%, Gap: -65317129
2025-09-23 07:27:47,943 - INFO - ✅ Added performance for szEmployeeId 17210037632, LOB GPPJ: 112%, Gap: 42.7Jt
2025-09-23 07:27:47,944 - INFO - ✅ Added performance for szEmployeeId 17210037897, LOB GPPJ: 105%, Gap: 14.5Jt
2025-09-23 07:27:47,944 - INFO - ✅ Added performance for szEmployeeId 17210038077, LOB GPPJ: 101%, Gap: 1.1Jt
2025-09-23 07:27:47,945 - INFO - ✅ Added performance for szEmployeeId 17210032876, LOB HGJ: 0%, Gap: 0
2025-09-23 07:27:47,945 - INFO - ✅ Added performance for szEmployeeId 17210036369, LOB HGJ: 10%, Gap: -1001393
2025-09-23 07:27:47,946 - INFO - ✅ Added performance for szEmployeeId 17210037632, LOB HGJ: 20%, Gap: -839560
2025-09-23 07:27:47,946 - INFO - ✅ Added performance for szEmployeeId 17210037897, LOB HGJ: 7%, Gap: -804939
2025-09-23 07:27:47,947 - INFO - ✅ Added performance for szEmployeeId 17210038077, LOB HGJ: 4%, Gap: -1525739
2025-09-23 07:27:47,947 - INFO - ✅ Added performance for szEmployeeId 17210032876, LOB MBR: 0%, Gap: 0
2025-09-23 07:27:47,948 - INFO - ✅ Added performance for szEmployeeId 17210036369, LOB MBR: 71%, Gap: -2510472
2025-09-23 07:27:47,948 - INFO - ✅ Added performance for szEmployeeId 17210037632, LOB MBR: 138%, Gap: 3.2Jt
2025-09-23 07:27:47,949 - INFO - ✅ Added performance for szEmployeeId 17210037897, LOB MBR: 103%, Gap: 209Rb
2025-09-23 07:27:47,949 - INFO - ✅ Added performance for szEmployeeId 17210038077, LOB MBR: 104%, Gap: 314Rb
2025-09-23 07:27:47,949 - INFO - ✅ Added performance for szEmployeeId 17210032876, LOB RANS: 0%, Gap: 0
2025-09-23 07:27:47,950 - INFO - ✅ Added performance for szEmployeeId 17210036369, LOB RANS: 0%, Gap: 4.5Jt
2025-09-23 07:27:47,950 - INFO - ✅ Added performance for szEmployeeId 17210037632, LOB RANS: 0%, Gap: 6.6Jt
2025-09-23 07:27:47,951 - INFO - ✅ Added performance for szEmployeeId 17210037897, LOB RANS: 0%, Gap: 5.1Jt
2025-09-23 07:27:47,951 - INFO - ✅ Added performance for szEmployeeId 17210038077, LOB RANS: 139%, Gap: 2.0Jt
2025-09-23 07:27:47,952 - INFO - ✅ Added performance for szEmployeeId 17210032876, LOB GSJ: 0%, Gap: 0
2025-09-23 07:27:47,952 - INFO - ✅ Added performance for szEmployeeId 17210036369, LOB GSJ: 0%, Gap: 43Rb
2025-09-23 07:27:47,952 - INFO - ✅ Added performance for szEmployeeId 17210037632, LOB GSJ: 0%, Gap: 0
2025-09-23 07:27:47,953 - INFO - ✅ Added performance for szEmployeeId 17210037897, LOB GSJ: 0%, Gap: 0
2025-09-23 07:27:47,958 - INFO - ✅ Added performance for szEmployeeId 17210038077, LOB GSJ: 0%, Gap: 0
2025-09-23 07:27:47,958 - INFO - ✅ Added performance for szEmployeeId 17210032876, LOB ABBOTT: 0%, Gap: 0
2025-09-23 07:27:47,959 - INFO - ✅ Added performance for szEmployeeId 17210036369, LOB ABBOTT: 0%, Gap: 0
2025-09-23 07:27:47,959 - INFO - ✅ Added performance for szEmployeeId 17210037632, LOB ABBOTT: 0%, Gap: 0
2025-09-23 07:27:47,960 - INFO - ✅ Added performance for szEmployeeId 17210037897, LOB ABBOTT: 0%, Gap: 0
2025-09-23 07:27:47,960 - INFO - ✅ Added performance for szEmployeeId 17210038077, LOB ABBOTT: 0%, Gap: 0
2025-09-23 07:27:47,961 - INFO - ✅ Added performance for szEmployeeId 17210041467, LOB GBS: 0%, Gap: 0
2025-09-23 07:27:47,961 - INFO - ✅ Added performance for szEmployeeId 17210041467, LOB GEN: 80%, Gap: -3948273
2025-09-23 07:27:47,961 - INFO - ✅ Added performance for szEmployeeId 17210041467, LOB GPPJ: 105%, Gap: 6.2Jt
2025-09-23 07:27:47,962 - INFO - ✅ Added performance for szEmployeeId 17210032876, LOB GPPJ & GEN: 115%, Gap: 79.3Jt
2025-09-23 07:27:47,962 - INFO - ✅ Added performance for szEmployeeId 17210036369, LOB GPPJ & GEN: 78%, Gap: -95901732
2025-09-23 07:27:47,963 - INFO - ✅ Added performance for szEmployeeId 17210037632, LOB GPPJ & GEN: 107%, Gap: 26.5Jt
2025-09-23 07:27:47,963 - INFO - ✅ Added performance for szEmployeeId 17210037897, LOB GPPJ & GEN: 100%, Gap: 82Rb
2025-09-23 07:27:47,963 - INFO - ✅ Added performance for szEmployeeId 17210032876, LOB GBS & OTHERS: 0%, Gap: 0
2025-09-23 07:27:47,964 - INFO - ✅ Added performance for szEmployeeId 17210036369, LOB GBS & OTHERS: 50%, Gap: -151878027
2025-09-23 07:27:47,964 - INFO - ✅ Added performance for szEmployeeId 17210037632, LOB GBS & OTHERS: 64%, Gap: -89529315
2025-09-23 07:27:47,965 - INFO - ✅ Added performance for szEmployeeId 17210037897, LOB GBS & OTHERS: 43%, Gap: -139175785
2025-09-23 07:27:47,965 - INFO - ✅ Added performance for szEmployeeId 17210041467, LOB GPPJ & GEN: 102%, Gap: 2.2Jt
2025-09-23 07:27:47,965 - INFO - ✅ Added performance for szEmployeeId 17210041719, LOB GBS: 78%, Gap: -13755595
2025-09-23 07:27:47,966 - INFO - ✅ Added performance for szEmployeeId 17210041719, LOB GEN: 0%, Gap: 0
2025-09-23 07:27:47,966 - INFO - ✅ Added performance for szEmployeeId 17210041719, LOB GPPJ: 175%, Gap: 14.8Jt
2025-09-23 07:27:47,966 - INFO - ✅ Added performance for szEmployeeId 17210041719, LOB HGJ: 260%, Gap: 415Rb
2025-09-23 07:27:47,967 - INFO - ✅ Added performance for szEmployeeId 17210041719, LOB MBR: 116%, Gap: 408Rb
2025-09-23 07:27:47,967 - INFO - ✅ Added performance for szEmployeeId 17210041719, LOB RANS: 1971%, Gap: 8.9Jt
2025-09-23 07:27:47,967 - INFO - ✅ Added performance for szEmployeeId 17210041719, LOB GSJ: 37%, Gap: -298775
2025-09-23 07:27:47,968 - INFO - ✅ Added performance for szEmployeeId 17210041719, LOB ABBOTT: 0%, Gap: 0
2025-09-23 07:27:47,968 - INFO - Process columns: ['Nama Depo', 'szEmployeeId', 'szname', 'Tipe Salesman', 'T.CR', 'A.CR', 'Ach_CR', 'A.CA', 'Ach_CA', 'T.PC', 'A.PC', 'Ach_PC', 'T.AC', 'A.AC', 'Ach_AC', 'T.EC', 'A.EC', 'Ach_EC', 'T.ET', 'A.ET', 'Ach_ET', 'T.AvgSKU', 'A.AvgSKU', 'Strata', 'T.CAProdW', 'A.CAProdW', 'Ach_CAProdW', 'T.CAProdR', 'A.CAProdR', 'Ach_CAProdR', 'T.CAProdM', 'A.CAProdM', 'Ach_CAProdM', 'Ach_CAProdAll', 'T.GPFood', 'A.GPFood', 'Ach_GPFood', 'T.GPOthers', 'A.GPOthers', 'Ach_GPOthers', 'AR_Coll', 'Gap_GPFood', 'Gap_GPOthers']
2025-09-23 07:27:47,974 - INFO - ✅ Added metrics for szEmployeeId 17210032876: CA:0.9463087248322147%, GP:0.9%
2025-09-23 07:27:47,976 - INFO - ✅ Added metrics for szEmployeeId 17210037897: CA:0.8117154811715481%, GP:1.3%
2025-09-23 07:27:47,976 - INFO - ✅ Added metrics for szEmployeeId 17210036369: CA:0.7867298578199052%, GP:1.2%
2025-09-23 07:27:47,977 - INFO - ✅ Added metrics for szEmployeeId 17210037632: CA:0.8349056603773585%, GP:1.4%
2025-09-23 07:27:47,978 - INFO - ✅ Added metrics for szEmployeeId 17210038077: CA:0.7203389830508474%, GP:0.0%
2025-09-23 07:27:47,978 - INFO - ✅ Added metrics for szEmployeeId 17210041467: CA:0.9077809798270894%, GP:0.7%
2025-09-23 07:27:47,979 - INFO - ✅ Added metrics for szEmployeeId 17210041719: CA:0.7936046511627907%, GP:0.0%
2025-09-23 07:27:47,979 - INFO - 🎯 Adding TOTAL and Ranking data from d.performance...
2025-09-23 07:27:47,980 - INFO - ✅ Added TOTAL for szEmployeeId 17210032876: Actual=601.0Jt, Target=520.9Jt, Achievement=115.4%, Gap=80.1Jt
2025-09-23 07:27:47,980 - INFO - ✅ Added Ranking for szEmployeeId 17210032876: Rank 2 of 7 salesman
2025-09-23 07:27:47,981 - INFO - ✅ Added TOTAL for szEmployeeId 17210037897: Actual=457.4Jt, Target=586.2Jt, Achievement=78.0%, Gap=-128801463
2025-09-23 07:27:47,981 - INFO - ✅ Added Ranking for szEmployeeId 17210037897: Rank 5 of 7 salesman
2025-09-23 07:27:47,982 - INFO - ✅ Added TOTAL for szEmployeeId 17210036369: Actual=555.6Jt, Target=744.6Jt, Achievement=74.6%, Gap=-188989069
2025-09-23 07:27:47,982 - INFO - ✅ Added Ranking for szEmployeeId 17210036369: Rank 6 of 7 salesman
2025-09-23 07:27:47,983 - INFO - ✅ Added TOTAL for szEmployeeId 17210037632: Actual=619.4Jt, Target=635.2Jt, Achievement=97.5%, Gap=-15822746
2025-09-23 07:27:47,983 - INFO - ✅ Added Ranking for szEmployeeId 17210037632: Rank 4 of 7 salesman
2025-09-23 07:27:47,984 - INFO - ✅ Added TOTAL for szEmployeeId 17210038077: Actual=308.4Jt, Target=451.5Jt, Achievement=68.3%, Gap=-143130940
2025-09-23 07:27:47,984 - INFO - ✅ Added Ranking for szEmployeeId 17210038077: Rank 7 of 7 salesman
2025-09-23 07:27:47,984 - INFO - ✅ Added TOTAL for szEmployeeId 17210041467: Actual=149.0Jt, Target=147.5Jt, Achievement=101.0%, Gap=1.5Jt
2025-09-23 07:27:47,988 - INFO - ✅ Added Ranking for szEmployeeId 17210041467: Rank 3 of 7 salesman
2025-09-23 07:27:47,989 - INFO - ✅ Added TOTAL for szEmployeeId 17210041719: Actual=110.0Jt, Target=86.7Jt, Achievement=126.9%, Gap=23.3Jt
2025-09-23 07:27:47,990 - INFO - ✅ Added Ranking for szEmployeeId 17210041719: Rank 1 of 7 salesman
2025-09-23 07:27:47,990 - INFO - ✅ Processed details for 7 salesman with szEmployeeId keys + Gap field + TOTAL + Ranking
2025-09-23 07:27:47,990 - INFO - 💸 Processing incentive data...
2025-09-23 07:27:47,991 - INFO - Incentive columns: ['NIK SAC', 'Nama SAC', 'szEmployeeId', 'szname', 'Dept', 'Tipe Salesman', 'GPPJ & GEN', 'GBS & OTHERS', 'GPPJ', 'GBS', 'MBR', 'HGJ', 'OTHERS', 'Avg SKU', 'GP', 'POM', 'AR Coll', 'Insentif_sales', 'Insentif_Proses', 'Total_Insentif', 'Periode']
2025-09-23 07:27:47,992 - INFO - ✅ Added incentive for szEmployeeId 17210032876: Asman - Sales:1000000, Proses:2460000
2025-09-23 07:27:47,992 - INFO - ✅ Added incentive for szEmployeeId 17210036369: Muhammad Tamrin - Sales:1000000, Proses:1150000
2025-09-23 07:27:47,993 - INFO - ✅ Added incentive for szEmployeeId 17210037632: Robianor - Sales:1100000, Proses:2198000
2025-09-23 07:27:47,993 - INFO - ✅ Added incentive for szEmployeeId 17210037897: Hindra - Sales:1350000, Proses:1158000
2025-09-23 07:27:47,993 - INFO - ✅ Added incentive for szEmployeeId 17210038077: Sopian Sauri - Sales:1400000, Proses:934000
2025-09-23 07:27:47,994 - INFO - ✅ Added incentive for szEmployeeId 17210041467: Doli Purnama Sari - Sales:2000000, Proses:1238000
2025-09-23 07:27:47,994 - INFO - ✅ Added incentive for szEmployeeId 17210032876: Asman - Sales:2500000, Proses:1983500
2025-09-23 07:27:47,995 - INFO - ✅ Added incentive for szEmployeeId 17210036369: Muhammad Tamrin - Sales:0, Proses:1625000
2025-09-23 07:27:47,995 - INFO - ✅ Added incentive for szEmployeeId 17210037632: Robianor - Sales:1000000, Proses:2090000
2025-09-23 07:27:47,995 - INFO - ✅ Added incentive for szEmployeeId 17210037897: Hindra - Sales:1000000, Proses:1358000
2025-09-23 07:27:47,996 - INFO - ✅ Added incentive for szEmployeeId 17210038077: Sopian Sauri - Sales:1140000, Proses:76500
2025-09-23 07:27:47,996 - INFO - ✅ Added incentive for szEmployeeId 17210041467: Doli Purnama Sari - Sales:1500000, Proses:1657500
2025-09-23 07:27:47,997 - INFO - ✅ Added incentive for szEmployeeId 17210041719: Muhammad Iqbal Purwa Atmaja - Sales:1280000, Proses:50000
2025-09-23 07:27:47,997 - INFO - ✅ Processed 13 incentive records
2025-09-23 07:27:47,998 - INFO - ✅ Saved: data\dashboard.json with format Indonesia
2025-09-23 07:27:47,999 - INFO - ✅ Saved: data\salesman_list.json with format Indonesia
2025-09-23 07:27:48,001 - INFO - ✅ Saved: data\salesman_details.json with format Indonesia + Gap field
2025-09-23 07:27:48,007 - INFO - 📅 Period from data: Agustus 2025
2025-09-23 07:27:48,007 - INFO - 📅 Period from data: Agustus 2025
2025-09-23 07:27:48,010 - INFO - 📊 Processing 26 rows for modern chart
2025-09-23 07:27:48,011 - INFO - 📊 Columns in soharian: ['Tgl', 'Target', 'SO', 'DO']
2025-09-23 07:27:48,013 - INFO - 🔍 Looking for Gap Total in dashboard with 9 rows
2025-09-23 07:27:48,013 - INFO - ✅ Found Gap Total: 324.9Jt for LOB: TOTAL
2025-09-23 07:27:48,014 - INFO - ✅ Modern chart data processed: 26 days
2025-09-23 07:27:48,014 - INFO - 📊 Period: Agustus 2025
2025-09-23 07:27:48,014 - INFO - 📈 Stats: SO=115.1Jt, DO=109.5Jt, Target=122.0Jt
2025-09-23 07:27:48,015 - INFO - 📅 HK: Total=26, Sisa DO=6
2025-09-23 07:27:48,015 - INFO - 💰 Gap Total: 324.9Jt
2025-09-23 07:27:48,016 - INFO - ✅ Saved: data\chart_data.json with format Indonesia
2025-09-23 07:27:48,018 - INFO - ✅ Saved: data\d.insentif.json in JSONL format with 13 records
2025-09-23 07:27:48,018 - INFO - 🎉 Generated 5 JSON files with Indonesia format (Rb/Jt/M) + Gap field + Incentive!
2025-09-23 07:27:48,019 - INFO - 📋 Files updated with Rb/Jt/M format + Gap field + Incentive:
2025-09-23 07:27:48,019 - INFO -    - dashboard.json
2025-09-23 07:27:48,019 - INFO -    - salesman_list.json
2025-09-23 07:27:48,020 - INFO -    - salesman_details.json
2025-09-23 07:27:48,020 - INFO -    - chart_data.json
2025-09-23 07:27:48,020 - INFO -    - d.insentif.json
2025-09-23 07:27:48,021 - INFO - 🚀 Pushing to GitHub with improved error handling...
2025-09-23 07:27:48,021 - INFO - 🔍 Checking HTML dashboard files...
2025-09-23 07:27:48,022 - INFO - ✅ Found: index.html (43,403 bytes, modified: 2025-07-25 16:11:38)
2025-09-23 07:27:48,022 - INFO - ✅ Found: dashboard.html (72,829 bytes, modified: 2025-08-06 22:47:11)
2025-09-23 07:27:48,023 - INFO - ✅ Found: dashboard-desktop.html (112,692 bytes, modified: 2025-07-17 15:00:59)
2025-09-23 07:27:48,023 - INFO - 📱 Found 3 HTML files for deployment
2025-09-23 07:27:48,100 - INFO - Git status output:
 M DbaseSalesmanWebApp.xlsb
 M backup/data/dashboard.json
 M backup/morning_update.log
 M data/d.30pareto.json
 M data/d.HK.json
 M data/d.area.json
 M data/d.channel.json
 M data/d.channelproj.json
 M data/d.dashboard.json
 M data/d.depoproses.json
 M data/d.details.json
 M data/d.insentif.json
 M data/d.jks.json
 M data/d.pcacec.json
 M data/d.performance.json
 M data/d.profile.json
 M data/d.project.json
 M data/d.salesmanlob.json
 M data/d.salesmanproses.json
 M data/d.skupelanggan.json
 M data/d.soharian.json
 M data/d.tpom.json
 M data/d.tsales.json
 M excel_refresh.log
 M excel_refresh_selective.ps1
 M morning_update.bat
 D morning_update.log
 M morning_update_automated.bat
 M refresh_excel.vbs
 M update_history.log
?? "backup/backup new/morning_update.log"
?? excel_refresh_xlsb.ps1
?? "kill excel.txt"
?? "macro copy pivot dan refresh pivot.txt"
?? "morning_update_automated - Copy.bat"
?? refresh_excel.log
?? refresh_excel.ps1
?? refresh_salesman.log
?? ~$DbaseSalesmanWebApp.xlsb

2025-09-23 07:27:48,179 - INFO - ✅ Added: data/
2025-09-23 07:27:48,245 - INFO - ✅ Added: index.html
2025-09-23 07:27:48,314 - INFO - ✅ Added: dashboard.html
2025-09-23 07:27:48,382 - INFO - ✅ Added: dashboard-desktop.html
2025-09-23 07:27:48,452 - INFO - ✅ Added: salesman-desktop.html
2025-09-23 07:27:48,518 - INFO - ✅ Added: salesman-detail.html
2025-09-23 07:27:48,518 - WARNING - ⚠️ File not found: profile.html
2025-09-23 07:27:48,583 - INFO - ✅ Added: dashboard_insentif_sales.html
2025-09-23 07:27:48,584 - WARNING - ⚠️ File not found: dashboard_insentif_sales_desktop.html
2025-09-23 07:27:48,650 - INFO - ✅ Added: visit.html
2025-09-23 07:27:48,714 - INFO - ✅ Added: morning_update.py
